{
  "__metadata__": {
    "type": "test",
    "category": "module",
    "subsystem": "MASTER",
    "status": "active",
    "required": false,
    "simulation_capable": true,
    "dependencies": [],
    "description": "Component of the  subsystem",
    "author": "EVA & GUARANI",
    "version": "1.0.0",
    "last_updated": "2025-03-29",
    "principles": [],
    "security_level": "standard",
    "test_coverage": 0.0,
    "documentation_quality": 0.0,
    "ethical_validation": true,
    "windows_compatibility": true,
    "encoding": "utf-8",
    "backup_required": false,
    "translation_status": "pending",
    "api_endpoints": [],
    "related_files": [],
    "changelog": "",
    "review_status": "pending"
  }
}

{
  "__metadata__": {
    "type": "test",
    "category": "module",
    "subsystem": "MASTER",
    "status": "active",
    "required": false,
    "simulation_capable": true,
    "dependencies": [],
    "description": "Component of the  subsystem",
    "author": "EVA & GUARANI",
    "version": "1.0.0",
    "last_updated": "2025-03-29"
  }
}

{"meta": {"format": 3, "version": "7.7.0", "timestamp": "2025-03-20T08:57:56.330529", "branch_coverage": true, "show_contexts": false}, "files": {"core\\atlas\\__init__.py": {"executed_lines": [], "summary": {"covered_lines": 0, "num_statements": 79, "percent_covered": 0.0, "percent_covered_display": "0", "missing_lines": 79, "excluded_lines": 0, "num_branches": 10, "num_partial_branches": 0, "covered_branches": 0, "missing_branches": 10}, "missing_lines": [12, 13, 14, 15, 16, 18, 20, 31, 38, 39, 40, 41, 42, 43, 46, 49, 50, 51, 53, 54, 56, 66, 84, 85, 86, 87, 89, 90, 91, 93, 94, 95, 96, 98, 101, 102, 103, 104, 105, 106, 107, 108, 110, 112, 123, 126, 140, 141, 143, 154, 157, 158, 161, 162, 164, 165, 167, 178, 181, 183, 184, 186, 187, 188, 189, 190, 191, 192, 193, 194, 195, 197, 198, 199, 201, 203, 204, 206, 208], "excluded_lines": [], "executed_branches": [], "missing_branches": [[84, 85], [84, 98], [89, 90], [89, 94], [90, 91], [90, 93], [101, 102], [101, 110], [157, 158], [157, 161]], "functions": {"AtlasModule.__init__": {"executed_lines": [], "summary": {"covered_lines": 0, "num_statements": 12, "percent_covered": 0.0, "percent_covered_display": "0", "missing_lines": 12, "excluded_lines": 0, "num_branches": 0, "num_partial_branches": 0, "covered_branches": 0, "missing_branches": 0}, "missing_lines": [38, 39, 40, 41, 42, 43, 46, 49, 50, 51, 53, 54], "excluded_lines": [], "executed_branches": [], "missing_branches": []}, "AtlasModule._load_config": {"executed_lines": [], "summary": {"covered_lines": 0, "num_statements": 22, "percent_covered": 0.0, "percent_covered_display": "0", "missing_lines": 22, "excluded_lines": 0, "num_branches": 8, "num_partial_branches": 0, "covered_branches": 0, "missing_branches": 8}, "missing_lines": [66, 84, 85, 86, 87, 89, 90, 91, 93, 94, 95, 96, 98, 101, 102, 103, 104, 105, 106, 107, 108, 110], "excluded_lines": [], "executed_branches": [], "missing_branches": [[84, 85], [84, 98], [89, 90], [89, 94], [90, 91], [90, 93], [101, 102], [101, 110]]}, "AtlasModule.map_project": {"executed_lines": [], "summary": {"covered_lines": 0, "num_statements": 4, "percent_covered": 0.0, "percent_covered_display": "0", "missing_lines": 4, "excluded_lines": 0, "num_branches": 0, "num_partial_branches": 0, "covered_branches": 0, "missing_branches": 0}, "missing_lines": [123, 126, 140, 141], "excluded_lines": [], "executed_branches": [], "missing_branches": []}, "AtlasModule.visualize_mapping": {"executed_lines": [], "summary": {"covered_lines": 0, "num_statements": 7, "percent_covered": 0.0, "percent_covered_display": "0", "missing_lines": 7, "excluded_lines": 0, "num_branches": 2, "num_partial_branches": 0, "covered_branches": 0, "missing_branches": 2}, "missing_lines": [154, 157, 158, 161, 162, 164, 165], "excluded_lines": [], "executed_branches": [], "missing_branches": [[157, 158], [157, 161]]}, "AtlasModule.export_to_obsidian": {"executed_lines": [], "summary": {"covered_lines": 0, "num_statements": 17, "percent_covered": 0.0, "percent_covered_display": "0", "missing_lines": 17, "excluded_lines": 0, "num_branches": 0, "num_partial_branches": 0, "covered_branches": 0, "missing_branches": 0}, "missing_lines": [178, 181, 183, 184, 186, 187, 188, 189, 190, 191, 192, 193, 194, 195, 197, 198, 199], "excluded_lines": [], "executed_branches": [], "missing_branches": []}, "AtlasModule._get_timestamp": {"executed_lines": [], "summary": {"covered_lines": 0, "num_statements": 2, "percent_covered": 0.0, "percent_covered_display": "0", "missing_lines": 2, "excluded_lines": 0, "num_branches": 0, "num_partial_branches": 0, "covered_branches": 0, "missing_branches": 0}, "missing_lines": [203, 204], "excluded_lines": [], "executed_branches": [], "missing_branches": []}, "AtlasModule.shutdown": {"executed_lines": [], "summary": {"covered_lines": 0, "num_statements": 1, "percent_covered": 0.0, "percent_covered_display": "0", "missing_lines": 1, "excluded_lines": 0, "num_branches": 0, "num_partial_branches": 0, "covered_branches": 0, "missing_branches": 0}, "missing_lines": [208], "excluded_lines": [], "executed_branches": [], "missing_branches": []}, "": {"executed_lines": [], "summary": {"covered_lines": 0, "num_statements": 14, "percent_covered": 0.0, "percent_covered_display": "0", "missing_lines": 14, "excluded_lines": 0, "num_branches": 0, "num_partial_branches": 0, "covered_branches": 0, "missing_branches": 0}, "missing_lines": [12, 13, 14, 15, 16, 18, 20, 31, 56, 112, 143, 167, 201, 206], "excluded_lines": [], "executed_branches": [], "missing_branches": []}}, "classes": {"AtlasModule": {"executed_lines": [], "summary": {"covered_lines": 0, "num_statements": 65, "percent_covered": 0.0, "percent_covered_display": "0", "missing_lines": 65, "excluded_lines": 0, "num_branches": 10, "num_partial_branches": 0, "covered_branches": 0, "missing_branches": 10}, "missing_lines": [38, 39, 40, 41, 42, 43, 46, 49, 50, 51, 53, 54, 66, 84, 85, 86, 87, 89, 90, 91, 93, 94, 95, 96, 98, 101, 102, 103, 104, 105, 106, 107, 108, 110, 123, 126, 140, 141, 154, 157, 158, 161, 162, 164, 165, 178, 181, 183, 184, 186, 187, 188, 189, 190, 191, 192, 193, 194, 195, 197, 198, 199, 203, 204, 208], "excluded_lines": [], "executed_branches": [], "missing_branches": [[84, 85], [84, 98], [89, 90], [89, 94], [90, 91], [90, 93], [101, 102], [101, 110], [157, 158], [157, 161]]}, "": {"executed_lines": [], "summary": {"covered_lines": 0, "num_statements": 14, "percent_covered": 0.0, "percent_covered_display": "0", "missing_lines": 14, "excluded_lines": 0, "num_branches": 0, "num_partial_branches": 0, "covered_branches": 0, "missing_branches": 0}, "missing_lines": [12, 13, 14, 15, 16, 18, 20, 31, 56, 112, 143, 167, 201, 206], "excluded_lines": [], "executed_branches": [], "missing_branches": []}}}, "core\\atlas\\atlas_core.py": {"executed_lines": [], "summary": {"covered_lines": 0, "num_statements": 237, "percent_covered": 0.0, "percent_covered_display": "0", "missing_lines": 237, "excluded_lines": 0, "num_branches": 60, "num_partial_branches": 0, "covered_branches": 0, "missing_branches": 60}, "missing_lines": [13, 14, 15, 16, 17, 18, 19, 20, 21, 24, 25, 26, 27, 28, 31, 32, 35, 44, 46, 49, 56, 57, 60, 61, 62, 64, 65, 66, 67, 69, 72, 75, 79, 81, 83, 106, 107, 108, 110, 112, 125, 126, 127, 128, 129, 131, 132, 134, 135, 138, 139, 140, 143, 145, 156, 160, 162, 165, 166, 167, 170, 171, 172, 173, 175, 176, 179, 181, 186, 188, 189, 192, 193, 195, 209, 212, 213, 216, 218, 220, 221, 222, 223, 224, 227, 230, 231, 232, 233, 234, 235, 236, 237, 239, 242, 248, 255, 260, 261, 263, 266, 269, 270, 271, 274, 275, 276, 278, 283, 285, 286, 288, 289, 291, 303, 306, 307, 310, 312, 314, 315, 318, 319, 320, 321, 324, 327, 328, 331, 332, 335, 336, 338, 343, 345, 346, 348, 349, 351, 361, 364, 365, 368, 369, 370, 371, 373, 376, 413, 415, 422, 423, 424, 427, 438, 439, 442, 443, 444, 445, 448, 449, 451, 453, 460, 463, 464, 467, 469, 470, 473, 474, 477, 498, 500, 501, 504, 505, 508, 509, 510, 513, 514, 517, 519, 521, 522, 523, 524, 525, 527, 528, 529, 530, 531, 532, 535, 536, 537, 539, 540, 541, 544, 545, 546, 547, 548, 549, 551, 554, 558, 560, 561, 563, 564, 566, 568, 581, 584, 617, 618, 621, 622, 623, 626, 627, 628, 629, 630, 633, 634, 635, 636, 637, 639, 641, 642], "excluded_lines": [], "executed_branches": [], "missing_branches": [[60, 61], [60, 64], [65, 66], [65, 69], [131, 132], [131, 134], [134, 135], [134, 138], [165, 166], [165, 170], [166, 167], [166, 170], [170, 171], [170, 179], [171, 172], [171, 179], [212, 213], [212, 218], [230, 231], [230, 232], [232, 233], [232, 234], [234, 235], [234, 236], [236, 237], [236, 239], [260, 261], [260, 263], [269, 270], [269, 274], [306, 307], [306, 312], [314, 315], [314, 318], [368, 369], [368, 373], [438, 439], [438, 442], [442, 443], [442, 448], [463, 464], [463, 469], [498, 500], [498, 513], [508, 509], [508, 513], [513, 514], [513, 544], [535, 536], [535, 544], [545, 546], [545, 551], [547, 548], [547, 549], [633, 634], [633, 639], [636, 637], [636, 639], [641, -2], [641, 642]], "functions": {"ATLASCore.__init__": {"executed_lines": [], "summary": {"covered_lines": 0, "num_statements": 13, "percent_covered": 0.0, "percent_covered_display": "0", "missing_lines": 13, "excluded_lines": 0, "num_branches": 4, "num_partial_branches": 0, "covered_branches": 0, "missing_branches": 4}, "missing_lines": [56, 57, 60, 61, 62, 64, 65, 66, 67, 69, 72, 75, 79], "excluded_lines": [], "executed_branches": [], "missing_branches": [[60, 61], [60, 64], [65, 66], [65, 69]]}, "ATLASCore._create_default_config": {"executed_lines": [], "summary": {"covered_lines": 0, "num_statements": 5, "percent_covered": 0.0, "percent_covered_display": "0", "missing_lines": 5, "excluded_lines": 0, "num_branches": 0, "num_partial_branches": 0, "covered_branches": 0, "missing_branches": 0}, "missing_lines": [83, 106, 107, 108, 110], "excluded_lines": [], "executed_branches": [], "missing_branches": []}, "ATLASCore._log_operation": {"executed_lines": [], "summary": {"covered_lines": 0, "num_statements": 13, "percent_covered": 0.0, "percent_covered_display": "0", "missing_lines": 13, "excluded_lines": 0, "num_branches": 4, "num_partial_branches": 0, "covered_branches": 0, "missing_branches": 4}, "missing_lines": [125, 126, 127, 128, 129, 131, 132, 134, 135, 138, 139, 140, 143], "excluded_lines": [], "executed_branches": [], "missing_branches": [[131, 132], [131, 134], [134, 135], [134, 138]]}, "ATLASCore.map_system": {"executed_lines": [], "summary": {"covered_lines": 0, "num_statements": 19, "percent_covered": 0.0, "percent_covered_display": "0", "missing_lines": 19, "excluded_lines": 0, "num_branches": 8, "num_partial_branches": 0, "covered_branches": 0, "missing_branches": 8}, "missing_lines": [156, 160, 162, 165, 166, 167, 170, 171, 172, 173, 175, 176, 179, 181, 186, 188, 189, 192, 193], "excluded_lines": [], "executed_branches": [], "missing_branches": [[165, 166], [165, 170], [166, 167], [166, 170], [170, 171], [170, 179], [171, 172], [171, 179]]}, "ATLASCore.visualize": {"executed_lines": [], "summary": {"covered_lines": 0, "num_statements": 39, "percent_covered": 0.0, "percent_covered_display": "0", "missing_lines": 39, "excluded_lines": 0, "num_branches": 14, "num_partial_branches": 0, "covered_branches": 0, "missing_branches": 14}, "missing_lines": [209, 212, 213, 216, 218, 220, 221, 222, 223, 224, 227, 230, 231, 232, 233, 234, 235, 236, 237, 239, 242, 248, 255, 260, 261, 263, 266, 269, 270, 271, 274, 275, 276, 278, 283, 285, 286, 288, 289], "excluded_lines": [], "executed_branches": [], "missing_branches": [[212, 213], [212, 218], [230, 231], [230, 232], [232, 233], [232, 234], [234, 235], [234, 236], [236, 237], [236, 239], [260, 261], [260, 263], [269, 270], [269, 274]]}, "ATLASCore.export_to_obsidian": {"executed_lines": [], "summary": {"covered_lines": 0, "num_statements": 24, "percent_covered": 0.0, "percent_covered_display": "0", "missing_lines": 24, "excluded_lines": 0, "num_branches": 4, "num_partial_branches": 0, "covered_branches": 0, "missing_branches": 4}, "missing_lines": [303, 306, 307, 310, 312, 314, 315, 318, 319, 320, 321, 324, 327, 328, 331, 332, 335, 336, 338, 343, 345, 346, 348, 349], "excluded_lines": [], "executed_branches": [], "missing_branches": [[306, 307], [306, 312], [314, 315], [314, 318]]}, "ATLASCore._generate_markdown": {"executed_lines": [], "summary": {"covered_lines": 0, "num_statements": 10, "percent_covered": 0.0, "percent_covered_display": "0", "missing_lines": 10, "excluded_lines": 0, "num_branches": 2, "num_partial_branches": 0, "covered_branches": 0, "missing_branches": 2}, "missing_lines": [361, 364, 365, 368, 369, 370, 371, 373, 376, 413], "excluded_lines": [], "executed_branches": [], "missing_branches": [[368, 369], [368, 373]]}, "ATLASCore._save_mapping": {"executed_lines": [], "summary": {"covered_lines": 0, "num_statements": 13, "percent_covered": 0.0, "percent_covered_display": "0", "missing_lines": 13, "excluded_lines": 0, "num_branches": 4, "num_partial_branches": 0, "covered_branches": 0, "missing_branches": 4}, "missing_lines": [422, 423, 424, 427, 438, 439, 442, 443, 444, 445, 448, 449, 451], "excluded_lines": [], "executed_branches": [], "missing_branches": [[438, 439], [438, 442], [442, 443], [442, 448]]}, "ATLASCore.analyze_system": {"executed_lines": [], "summary": {"covered_lines": 0, "num_statements": 51, "percent_covered": 0.0, "percent_covered_display": "0", "missing_lines": 51, "excluded_lines": 0, "num_branches": 14, "num_partial_branches": 0, "covered_branches": 0, "missing_branches": 14}, "missing_lines": [460, 463, 464, 467, 469, 470, 473, 474, 477, 498, 500, 501, 504, 505, 508, 509, 510, 513, 514, 517, 519, 521, 522, 523, 524, 525, 527, 528, 529, 530, 531, 532, 535, 536, 537, 539, 540, 541, 544, 545, 546, 547, 548, 549, 551, 554, 558, 560, 561, 563, 564], "excluded_lines": [], "executed_branches": [], "missing_branches": [[463, 464], [463, 469], [498, 500], [498, 513], [508, 509], [508, 513], [513, 514], [513, 544], [535, 536], [535, 544], [545, 546], [545, 551], [547, 548], [547, 549]]}, "main": {"executed_lines": [], "summary": {"covered_lines": 0, "num_statements": 19, "percent_covered": 0.0, "percent_covered_display": "0", "missing_lines": 19, "excluded_lines": 0, "num_branches": 4, "num_partial_branches": 0, "covered_branches": 0, "missing_branches": 4}, "missing_lines": [568, 581, 584, 617, 618, 621, 622, 623, 626, 627, 628, 629, 630, 633, 634, 635, 636, 637, 639], "excluded_lines": [], "executed_branches": [], "missing_branches": [[633, 634], [633, 639], [636, 637], [636, 639]]}, "": {"executed_lines": [], "summary": {"covered_lines": 0, "num_statements": 31, "percent_covered": 0.0, "percent_covered_display": "0", "missing_lines": 31, "excluded_lines": 0, "num_branches": 2, "num_partial_branches": 0, "covered_branches": 0, "missing_branches": 2}, "missing_lines": [13, 14, 15, 16, 17, 18, 19, 20, 21, 24, 25, 26, 27, 28, 31, 32, 35, 44, 46, 49, 81, 112, 145, 195, 291, 351, 415, 453, 566, 641, 642], "excluded_lines": [], "executed_branches": [], "missing_branches": [[641, -2], [641, 642]]}}, "classes": {"ATLASCore": {"executed_lines": [], "summary": {"covered_lines": 0, "num_statements": 187, "percent_covered": 0.0, "percent_covered_display": "0", "missing_lines": 187, "excluded_lines": 0, "num_branches": 54, "num_partial_branches": 0, "covered_branches": 0, "missing_branches": 54}, "missing_lines": [56, 57, 60, 61, 62, 64, 65, 66, 67, 69, 72, 75, 79, 83, 106, 107, 108, 110, 125, 126, 127, 128, 129, 131, 132, 134, 135, 138, 139, 140, 143, 156, 160, 162, 165, 166, 167, 170, 171, 172, 173, 175, 176, 179, 181, 186, 188, 189, 192, 193, 209, 212, 213, 216, 218, 220, 221, 222, 223, 224, 227, 230, 231, 232, 233, 234, 235, 236, 237, 239, 242, 248, 255, 260, 261, 263, 266, 269, 270, 271, 274, 275, 276, 278, 283, 285, 286, 288, 289, 303, 306, 307, 310, 312, 314, 315, 318, 319, 320, 321, 324, 327, 328, 331, 332, 335, 336, 338, 343, 345, 346, 348, 349, 361, 364, 365, 368, 369, 370, 371, 373, 376, 413, 422, 423, 424, 427, 438, 439, 442, 443, 444, 445, 448, 449, 451, 460, 463, 464, 467, 469, 470, 473, 474, 477, 498, 500, 501, 504, 505, 508, 509, 510, 513, 514, 517, 519, 521, 522, 523, 524, 525, 527, 528, 529, 530, 531, 532, 535, 536, 537, 539, 540, 541, 544, 545, 546, 547, 548, 549, 551, 554, 558, 560, 561, 563, 564], "excluded_lines": [], "executed_branches": [], "missing_branches": [[60, 61], [60, 64], [65, 66], [65, 69], [131, 132], [131, 134], [134, 135], [134, 138], [165, 166], [165, 170], [166, 167], [166, 170], [170, 171], [170, 179], [171, 172], [171, 179], [212, 213], [212, 218], [230, 231], [230, 232], [232, 233], [232, 234], [234, 235], [234, 236], [236, 237], [236, 239], [260, 261], [260, 263], [269, 270], [269, 274], [306, 307], [306, 312], [314, 315], [314, 318], [368, 369], [368, 373], [438, 439], [438, 442], [442, 443], [442, 448], [463, 464], [463, 469], [498, 500], [498, 513], [508, 509], [508, 513], [513, 514], [513, 544], [535, 536], [535, 544], [545, 546], [545, 551], [547, 548], [547, 549]]}, "": {"executed_lines": [], "summary": {"covered_lines": 0, "num_statements": 50, "percent_covered": 0.0, "percent_covered_display": "0", "missing_lines": 50, "excluded_lines": 0, "num_branches": 6, "num_partial_branches": 0, "covered_branches": 0, "missing_branches": 6}, "missing_lines": [13, 14, 15, 16, 17, 18, 19, 20, 21, 24, 25, 26, 27, 28, 31, 32, 35, 44, 46, 49, 81, 112, 145, 195, 291, 351, 415, 453, 566, 568, 581, 584, 617, 618, 621, 622, 623, 626, 627, 628, 629, 630, 633, 634, 635, 636, 637, 639, 641, 642], "excluded_lines": [], "executed_branches": [], "missing_branches": [[633, 634], [633, 639], [636, 637], [636, 639], [641, -2], [641, 642]]}}}, "core\\atlas\\atlas_demo.py": {"executed_lines": [], "summary": {"covered_lines": 0, "num_statements": 81, "percent_covered": 0.0, "percent_covered_display": "0", "missing_lines": 81, "excluded_lines": 0, "num_branches": 10, "num_partial_branches": 0, "covered_branches": 0, "missing_branches": 10}, "missing_lines": [17, 18, 19, 20, 21, 22, 25, 28, 36, 39, 40, 41, 42, 43, 44, 45, 46, 47, 48, 50, 52, 53, 55, 57, 65, 66, 68, 70, 71, 72, 73, 74, 75, 77, 80, 83, 86, 87, 88, 90, 91, 93, 95, 98, 99, 100, 104, 105, 108, 109, 112, 113, 114, 115, 116, 117, 118, 119, 120, 121, 122, 125, 126, 127, 130, 131, 132, 133, 134, 135, 137, 138, 140, 141, 142, 143, 144, 145, 146, 148, 149], "excluded_lines": [], "executed_branches": [], "missing_branches": [[86, 87], [86, 90], [99, 100], [99, 104], [130, 131], [130, 137], [134, 135], [134, 137], [148, -3], [148, 149]], "functions": {"print_colored": {"executed_lines": [], "summary": {"covered_lines": 0, "num_statements": 2, "percent_covered": 0.0, "percent_covered_display": "0", "missing_lines": 2, "excluded_lines": 0, "num_branches": 0, "num_partial_branches": 0, "covered_branches": 0, "missing_branches": 0}, "missing_lines": [52, 53], "excluded_lines": [], "executed_branches": [], "missing_branches": []}, "print_banner": {"executed_lines": [], "summary": {"covered_lines": 0, "num_statements": 3, "percent_covered": 0.0, "percent_covered_display": "0", "missing_lines": 3, "excluded_lines": 0, "num_branches": 0, "num_partial_branches": 0, "covered_branches": 0, "missing_branches": 0}, "missing_lines": [57, 65, 66], "excluded_lines": [], "executed_branches": [], "missing_branches": []}, "parse_arguments": {"executed_lines": [], "summary": {"covered_lines": 0, "num_statements": 6, "percent_covered": 0.0, "percent_covered_display": "0", "missing_lines": 6, "excluded_lines": 0, "num_branches": 0, "num_partial_branches": 0, "covered_branches": 0, "missing_branches": 0}, "missing_lines": [70, 71, 72, 73, 74, 75], "excluded_lines": [], "executed_branches": [], "missing_branches": []}, "main": {"executed_lines": [], "summary": {"covered_lines": 0, "num_statements": 45, "percent_covered": 0.0, "percent_covered_display": "0", "missing_lines": 45, "excluded_lines": 0, "num_branches": 8, "num_partial_branches": 0, "covered_branches": 0, "missing_branches": 8}, "missing_lines": [80, 83, 86, 87, 88, 90, 91, 93, 95, 98, 99, 100, 104, 105, 108, 109, 112, 113, 114, 115, 116, 117, 118, 119, 120, 121, 122, 125, 126, 127, 130, 131, 132, 133, 134, 135, 137, 138, 140, 141, 142, 143, 144, 145, 146], "excluded_lines": [], "executed_branches": [], "missing_branches": [[86, 87], [86, 90], [99, 100], [99, 104], [130, 131], [130, 137], [134, 135], [134, 137]]}, "": {"executed_lines": [], "summary": {"covered_lines": 0, "num_statements": 25, "percent_covered": 0.0, "percent_covered_display": "0", "missing_lines": 25, "excluded_lines": 0, "num_branches": 2, "num_partial_branches": 0, "covered_branches": 0, "missing_branches": 2}, "missing_lines": [17, 18, 19, 20, 21, 22, 25, 28, 36, 39, 40, 41, 42, 43, 44, 45, 46, 47, 48, 50, 55, 68, 77, 148, 149], "excluded_lines": [], "executed_branches": [], "missing_branches": [[148, -3], [148, 149]]}}, "classes": {"Colors": {"executed_lines": [], "summary": {"covered_lines": 0, "num_statements": 0, "percent_covered": 100.0, "percent_covered_display": "100", "missing_lines": 0, "excluded_lines": 0, "num_branches": 0, "num_partial_branches": 0, "covered_branches": 0, "missing_branches": 0}, "missing_lines": [], "excluded_lines": [], "executed_branches": [], "missing_branches": []}, "": {"executed_lines": [], "summary": {"covered_lines": 0, "num_statements": 81, "percent_covered": 0.0, "percent_covered_display": "0", "missing_lines": 81, "excluded_lines": 0, "num_branches": 10, "num_partial_branches": 0, "covered_branches": 0, "missing_branches": 10}, "missing_lines": [17, 18, 19, 20, 21, 22, 25, 28, 36, 39, 40, 41, 42, 43, 44, 45, 46, 47, 48, 50, 52, 53, 55, 57, 65, 66, 68, 70, 71, 72, 73, 74, 75, 77, 80, 83, 86, 87, 88, 90, 91, 93, 95, 98, 99, 100, 104, 105, 108, 109, 112, 113, 114, 115, 116, 117, 118, 119, 120, 121, 122, 125, 126, 127, 130, 131, 132, 133, 134, 135, 137, 138, 140, 141, 142, 143, 144, 145, 146, 148, 149], "excluded_lines": [], "executed_branches": [], "missing_branches": [[86, 87], [86, 90], [99, 100], [99, 104], [130, 131], [130, 137], [134, 135], [134, 137], [148, -3], [148, 149]]}}}, "core\\nexus\\__init__.py": {"executed_lines": [], "summary": {"covered_lines": 0, "num_statements": 87, "percent_covered": 0.0, "percent_covered_display": "0", "missing_lines": 87, "excluded_lines": 0, "num_branches": 14, "num_partial_branches": 0, "covered_branches": 0, "missing_branches": 14}, "missing_lines": [12, 13, 14, 15, 16, 18, 20, 31, 38, 39, 40, 41, 42, 43, 46, 49, 50, 51, 53, 54, 56, 66, 91, 92, 93, 94, 96, 97, 98, 100, 101, 102, 103, 105, 108, 109, 110, 111, 112, 113, 114, 115, 117, 119, 130, 133, 148, 149, 151, 162, 164, 165, 168, 176, 177, 179, 192, 194, 195, 198, 199, 202, 203, 204, 205, 206, 207, 208, 209, 210, 211, 212, 213, 214, 215, 217, 218, 220, 230, 233, 241, 242, 244, 246, 247, 249, 251], "excluded_lines": [], "executed_branches": [], "missing_branches": [[91, 92], [91, 105], [96, 97], [96, 101], [97, 98], [97, 100], [108, 109], [108, 117], [164, 165], [164, 168], [194, 195], [194, 198], [198, 199], [198, 202]], "functions": {"NexusModule.__init__": {"executed_lines": [], "summary": {"covered_lines": 0, "num_statements": 12, "percent_covered": 0.0, "percent_covered_display": "0", "missing_lines": 12, "excluded_lines": 0, "num_branches": 0, "num_partial_branches": 0, "covered_branches": 0, "missing_branches": 0}, "missing_lines": [38, 39, 40, 41, 42, 43, 46, 49, 50, 51, 53, 54], "excluded_lines": [], "executed_branches": [], "missing_branches": []}, "NexusModule._load_config": {"executed_lines": [], "summary": {"covered_lines": 0, "num_statements": 22, "percent_covered": 0.0, "percent_covered_display": "0", "missing_lines": 22, "excluded_lines": 0, "num_branches": 8, "num_partial_branches": 0, "covered_branches": 0, "missing_branches": 8}, "missing_lines": [66, 91, 92, 93, 94, 96, 97, 98, 100, 101, 102, 103, 105, 108, 109, 110, 111, 112, 113, 114, 115, 117], "excluded_lines": [], "executed_branches": [], "missing_branches": [[91, 92], [91, 105], [96, 97], [96, 101], [97, 98], [97, 100], [108, 109], [108, 117]]}, "NexusModule.analyze_module": {"executed_lines": [], "summary": {"covered_lines": 0, "num_statements": 4, "percent_covered": 0.0, "percent_covered_display": "0", "missing_lines": 4, "excluded_lines": 0, "num_branches": 0, "num_partial_branches": 0, "covered_branches": 0, "missing_branches": 0}, "missing_lines": [130, 133, 148, 149], "excluded_lines": [], "executed_branches": [], "missing_branches": []}, "NexusModule.optimize_module": {"executed_lines": [], "summary": {"covered_lines": 0, "num_statements": 6, "percent_covered": 0.0, "percent_covered_display": "0", "missing_lines": 6, "excluded_lines": 0, "num_branches": 2, "num_partial_branches": 0, "covered_branches": 0, "missing_branches": 2}, "missing_lines": [162, 164, 165, 168, 176, 177], "excluded_lines": [], "executed_branches": [], "missing_branches": [[164, 165], [164, 168]]}, "NexusModule.generate_documentation": {"executed_lines": [], "summary": {"covered_lines": 0, "num_statements": 21, "percent_covered": 0.0, "percent_covered_display": "0", "missing_lines": 21, "excluded_lines": 0, "num_branches": 4, "num_partial_branches": 0, "covered_branches": 0, "missing_branches": 4}, "missing_lines": [192, 194, 195, 198, 199, 202, 203, 204, 205, 206, 207, 208, 209, 210, 211, 212, 213, 214, 215, 217, 218], "excluded_lines": [], "executed_branches": [], "missing_branches": [[194, 195], [194, 198], [198, 199], [198, 202]]}, "NexusModule.map_connections": {"executed_lines": [], "summary": {"covered_lines": 0, "num_statements": 4, "percent_covered": 0.0, "percent_covered_display": "0", "missing_lines": 4, "excluded_lines": 0, "num_branches": 0, "num_partial_branches": 0, "covered_branches": 0, "missing_branches": 0}, "missing_lines": [230, 233, 241, 242], "excluded_lines": [], "executed_branches": [], "missing_branches": []}, "NexusModule._get_timestamp": {"executed_lines": [], "summary": {"covered_lines": 0, "num_statements": 2, "percent_covered": 0.0, "percent_covered_display": "0", "missing_lines": 2, "excluded_lines": 0, "num_branches": 0, "num_partial_branches": 0, "covered_branches": 0, "missing_branches": 0}, "missing_lines": [246, 247], "excluded_lines": [], "executed_branches": [], "missing_branches": []}, "NexusModule.shutdown": {"executed_lines": [], "summary": {"covered_lines": 0, "num_statements": 1, "percent_covered": 0.0, "percent_covered_display": "0", "missing_lines": 1, "excluded_lines": 0, "num_branches": 0, "num_partial_branches": 0, "covered_branches": 0, "missing_branches": 0}, "missing_lines": [251], "excluded_lines": [], "executed_branches": [], "missing_branches": []}, "": {"executed_lines": [], "summary": {"covered_lines": 0, "num_statements": 15, "percent_covered": 0.0, "percent_covered_display": "0", "missing_lines": 15, "excluded_lines": 0, "num_branches": 0, "num_partial_branches": 0, "covered_branches": 0, "missing_branches": 0}, "missing_lines": [12, 13, 14, 15, 16, 18, 20, 31, 56, 119, 151, 179, 220, 244, 249], "excluded_lines": [], "executed_branches": [], "missing_branches": []}}, "classes": {"NexusModule": {"executed_lines": [], "summary": {"covered_lines": 0, "num_statements": 72, "percent_covered": 0.0, "percent_covered_display": "0", "missing_lines": 72, "excluded_lines": 0, "num_branches": 14, "num_partial_branches": 0, "covered_branches": 0, "missing_branches": 14}, "missing_lines": [38, 39, 40, 41, 42, 43, 46, 49, 50, 51, 53, 54, 66, 91, 92, 93, 94, 96, 97, 98, 100, 101, 102, 103, 105, 108, 109, 110, 111, 112, 113, 114, 115, 117, 130, 133, 148, 149, 162, 164, 165, 168, 176, 177, 192, 194, 195, 198, 199, 202, 203, 204, 205, 206, 207, 208, 209, 210, 211, 212, 213, 214, 215, 217, 218, 230, 233, 241, 242, 246, 247, 251], "excluded_lines": [], "executed_branches": [], "missing_branches": [[91, 92], [91, 105], [96, 97], [96, 101], [97, 98], [97, 100], [108, 109], [108, 117], [164, 165], [164, 168], [194, 195], [194, 198], [198, 199], [198, 202]]}, "": {"executed_lines": [], "summary": {"covered_lines": 0, "num_statements": 15, "percent_covered": 0.0, "percent_covered_display": "0", "missing_lines": 15, "excluded_lines": 0, "num_branches": 0, "num_partial_branches": 0, "covered_branches": 0, "missing_branches": 0}, "missing_lines": [12, 13, 14, 15, 16, 18, 20, 31, 56, 119, 151, 179, 220, 244, 249], "excluded_lines": [], "executed_branches": [], "missing_branches": []}}}, "modules\\__init__.py": {"executed_lines": [], "summary": {"covered_lines": 0, "num_statements": 0, "percent_covered": 100.0, "percent_covered_display": "100", "missing_lines": 0, "excluded_lines": 0, "num_branches": 0, "num_partial_branches": 0, "covered_branches": 0, "missing_branches": 0}, "missing_lines": [], "excluded_lines": [], "executed_branches": [], "missing_branches": [], "functions": {"": {"executed_lines": [], "summary": {"covered_lines": 0, "num_statements": 0, "percent_covered": 100.0, "percent_covered_display": "100", "missing_lines": 0, "excluded_lines": 0, "num_branches": 0, "num_partial_branches": 0, "covered_branches": 0, "missing_branches": 0}, "missing_lines": [], "excluded_lines": [], "executed_branches": [], "missing_branches": []}}, "classes": {"": {"executed_lines": [], "summary": {"covered_lines": 0, "num_statements": 0, "percent_covered": 100.0, "percent_covered_display": "100", "missing_lines": 0, "excluded_lines": 0, "num_branches": 0, "num_partial_branches": 0, "covered_branches": 0, "missing_branches": 0}, "missing_lines": [], "excluded_lines": [], "executed_branches": [], "missing_branches": []}}}}, "totals": {"covered_lines": 0, "num_statements": 484, "percent_covered": 0.0, "percent_covered_display": "0", "missing_lines": 484, "excluded_lines": 0, "num_branches": 94, "num_partial_branches": 0, "covered_branches": 0, "missing_branches": 94}}