<?xml version="1.0" encoding="utf-8"?><testsuites><testsuite name="pytest" errors="0" failures="0" skipped="6" tests="8" time="2.473" timestamp="2025-03-20T08:57:53.550664-03:00" hostname="xt"><testcase classname="tests.test_perplexity_models" name="test_model_availability[sonar]" time="0.003"><skipped type="pytest.skip" message="Chave API não encontrada. Configure PERPLEXITY_API_KEY no ambiente ou no arquivo de configuração.">C:\Eva &amp; Guarani - EGOS\tests\test_perplexity_models.py:106: Chave API não encontrada. Configure PERPLEXITY_API_KEY no ambiente ou no arquivo de configuração.</skipped></testcase><testcase classname="tests.test_perplexity_models" name="test_model_availability[sonar-pro]" time="0.001"><skipped type="pytest.skip" message="Chave API não encontrada. Configure PERPLEXITY_API_KEY no ambiente ou no arquivo de configuração.">C:\Eva &amp; Guarani - EGOS\tests\test_perplexity_models.py:106: Chave API não encontrada. Configure PERPLEXITY_API_KEY no ambiente ou no arquivo de configuração.</skipped></testcase><testcase classname="tests.test_perplexity_models" name="test_model_availability[sonar-reasoning]" time="0.001"><skipped type="pytest.skip" message="Chave API não encontrada. Configure PERPLEXITY_API_KEY no ambiente ou no arquivo de configuração.">C:\Eva &amp; Guarani - EGOS\tests\test_perplexity_models.py:106: Chave API não encontrada. Configure PERPLEXITY_API_KEY no ambiente ou no arquivo de configuração.</skipped></testcase><testcase classname="tests.test_perplexity_models" name="test_model_availability[sonar-reasoning-pro]" time="0.001"><skipped type="pytest.skip" message="Chave API não encontrada. Configure PERPLEXITY_API_KEY no ambiente ou no arquivo de configuração.">C:\Eva &amp; Guarani - EGOS\tests\test_perplexity_models.py:106: Chave API não encontrada. Configure PERPLEXITY_API_KEY no ambiente ou no arquivo de configuração.</skipped></testcase><testcase classname="tests.test_perplexity_models" name="test_model_availability[sonar-deep-research]" time="0.001"><skipped type="pytest.skip" message="Chave API não encontrada. Configure PERPLEXITY_API_KEY no ambiente ou no arquivo de configuração.">C:\Eva &amp; Guarani - EGOS\tests\test_perplexity_models.py:106: Chave API não encontrada. Configure PERPLEXITY_API_KEY no ambiente ou no arquivo de configuração.</skipped></testcase><testcase classname="tests.test_perplexity_models" name="test_model_availability[r1-1776]" time="0.000"><skipped type="pytest.skip" message="Chave API não encontrada. Configure PERPLEXITY_API_KEY no ambiente ou no arquivo de configuração.">C:\Eva &amp; Guarani - EGOS\tests\test_perplexity_models.py:106: Chave API não encontrada. Configure PERPLEXITY_API_KEY no ambiente ou no arquivo de configuração.</skipped></testcase><testcase classname="tests.test_perplexity_openai" name="test_perplexity_setup" time="2.326" /><testcase classname="tests.test_perplexity_openai" name="test_perplexity_search" time="0.005" /></testsuite></testsuites>
