<?xml version="1.0" encoding="utf-8"?><testsuites><testsuite name="pytest" errors="5" failures="0" skipped="0" tests="5" time="2.058" timestamp="2025-03-27T11:37:49.537844-03:00" hostname="xt"><testcase classname="" name="tests.integration.test_perplexity_integration" time="0.000"><error message="collection failure">tests\integration\test_perplexity_integration.py:1: in &lt;module&gt;
    python
E   NameError: name 'python' is not defined</error></testcase><testcase classname="" name="tests.test_perplexity" time="0.000"><error message="collection failure">tests\test_perplexity.py:1: in &lt;module&gt;
    python
E   NameError: name 'python' is not defined</error></testcase><testcase classname="" name="tests.test_perplexity_models" time="0.000"><error message="collection failure">tests\test_perplexity_models.py:1: in &lt;module&gt;
    python
E   NameError: name 'python' is not defined</error></testcase><testcase classname="" name="tests.test_perplexity_openai" time="0.000"><error message="collection failure">tests\test_perplexity_openai.py:1: in &lt;module&gt;
    python
E   NameError: name 'python' is not defined</error></testcase><testcase classname="" name="tests.test_search" time="0.000"><error message="collection failure">tests\test_search.py:1: in &lt;module&gt;
    python
E   NameError: name 'python' is not defined</error></testcase></testsuite></testsuites>
